<?xml version="1.0" encoding="UTF-8"?>
<!-- Generated by org.testng.reporters.JUnitXMLReporter -->
<testsuite hostname="LP1124" ignored="0" name="Default test(failed)" tests="1" failures="0" timestamp="23 ago 2019 16:28:23 GMT" time="6.58" errors="0">
  <testcase name="@BeforeMethod setup" time="5.422" classname="com.br.inmetrics.tests.php.TestCadastro">
    <failure type="java.lang.AssertionError" message="Setup error.">
      <![CDATA[java.lang.AssertionError: Setup error.
at br.com.santander.frm.base.TestBase.setup(TestBase.java:45)
at com.br.inmetrics.tests.php.TestCadastro.setup(TestCadastro.java:43)
Caused by: java.lang.NullPointerException
at org.apache.poi.poifs.filesystem.FileMagic.prepareToCheckMagic(FileMagic.java:148)
at org.apache.poi.openxml4j.opc.internal.ZipHelper.openZipStream(ZipHelper.java:208)
at org.apache.poi.openxml4j.opc.ZipPackage.<init>(ZipPackage.java:98)
at org.apache.poi.openxml4j.opc.OPCPackage.open(OPCPackage.java:324)
at org.apache.poi.util.PackageHelper.open(PackageHelper.java:37)
at org.apache.poi.xssf.usermodel.XSSFWorkbook.<init>(XSSFWorkbook.java:295)
at br.com.santander.frm.utils.NewGenericDataTable.setup(NewGenericDataTable.java:152)
at br.com.santander.frm.utils.NewGenericDataTable.<init>(NewGenericDataTable.java:137)
at br.com.santander.frm.helpers.DataTableHelper.initializeDt(DataTableHelper.java:90)
at br.com.santander.frm.helpers.DataTableHelper.initializeDt_(DataTableHelper.java:40)
at br.com.santander.frm.helpers.TestBaseHelper.setDataTableRow(TestBaseHelper.java:107)
at br.com.santander.frm.helpers.TestBaseHelper.doBefore(TestBaseHelper.java:161)
at br.com.santander.frm.base.TestBase.setup(TestBase.java:41)
... 29 more
... Removed 29 stack frames]]>
    </failure>
  </testcase> <!-- @BeforeMethod setup -->
  <testcase name="CT1_CadastroPHPTravel" time="0.0" classname="com.br.inmetrics.tests.php.TestCadastro">
    <skipped/>
  </testcase> <!-- CT1_CadastroPHPTravel -->
</testsuite> <!-- Default test(failed) -->
